[2025-06-23 14:31:03,660] ERROR    modules.processor:115 - Авторизация на гос услугах не удалась Message: 
Stacktrace:
	GetHandleVerifier [0x0xe53b03+62899]
	GetHandleVerifier [0x0xe53b44+62964]
	(No symbol) [0x0xc810f3]
	(No symbol) [0x0xcc980e]
	(No symbol) [0x0xcc9bab]
	(No symbol) [0x0xd125c2]
	(No symbol) [0x0xcee554]
	(No symbol) [0x0xd0fd81]
	(No symbol) [0x0xcee306]
	(No symbol) [0x0xcbd670]
	(No symbol) [0x0xcbe4e4]
	GetHandleVerifier [0x0x10b4793+2556483]
	GetHandleVerifier [0x0x10afd02+2537394]
	GetHandleVerifier [0x0xe7a2fa+220586]
	GetHandleVerifier [0x0xe6aae8+157080]
	GetHandleVerifier [0x0xe7141d+184013]
	GetHandleVerifier [0x0xe5ba68+95512]
	GetHandleVerifier [0x0xe5bc10+95936]
	GetHandleVerifier [0x0xe46b5a+9738]
	BaseThreadInitThunk [0x0x759efcc9+25]
	RtlGetAppContainerNamedObjectPath [0x0x770682ae+286]
	RtlGetAppContainerNamedObjectPath [0x0x7706827e+238]

[2025-06-23 14:31:20,117] ERROR    modules.processor:138 - Ошибка при выборе ближайшего мвд! Выбери мвд самостоятельно! Message: 

[2025-06-23 14:31:37,112] ERROR    modules.processor:160 - Проблема при загрузке файлов! Проверь их количество!
[2025-06-23 14:31:58,868] ERROR    modules.processor:225 - Код неверен: «Введенный код неверен!»
